<?xml version="1.0" encoding="UTF-8"?>
<!-- Generated by org.testng.reporters.JUnitXMLReporter -->
<testsuite ignored="0" hostname="LAPTOP-QLHJTPU4" failures="0" tests="6" name="Surefire test" time="131.648" errors="0" timestamp="2023-02-12T21:48:43 IST">
  <testcase classname="vanishreelearning.tests.ErrorValidationTest" name="LoginErrorValidation" time="0.957"/>
  <testcase classname="vanishreelearning.tests.ErrorValidationTest" name="ProductErrorValidation" time="14.562"/>
  <testcase classname="vanishreelearning.tests.SubmitOrderTest" name="submitOrder" time="16.536"/>
  <testcase classname="vanishreelearning.tests.SubmitOrderTest" name="submitOrder" time="16.363"/>
  <testcase classname="vanishreelearning.tests.SubmitOrderTest" name="verifyOrder" time="1.294"/>
  <testcase classname="vanishreelearning.tests.SubmitOrderTest" name="verifyOrder" time="1.031"/>
</testsuite> <!-- Surefire test -->
