<?xml version="1.0" encoding="UTF-8"?>
<!-- Generated by org.testng.reporters.JUnitXMLReporter -->
<testsuite ignored="0" hostname="LAPTOP-QLHJTPU4" failures="0" tests="2" name="Error Validation Test" time="46.789" errors="0" timestamp="2023-02-12T22:08:17 IST">
  <testcase classname="vanishreelearning.tests.ErrorValidationTest" name="LoginErrorValidation" time="1.476"/>
  <testcase classname="vanishreelearning.tests.ErrorValidationTest" name="ProductErrorValidation" time="25.866"/>
</testsuite> <!-- Error Validation Test -->
