<?xml version="1.0" encoding="UTF-8"?>
<!-- Generated by org.testng.reporters.JUnitXMLReporter -->
<testsuite ignored="0" hostname="LAPTOP-QLHJTPU4" failures="0" tests="4" name="Submit order Test" time="51.316" errors="0" timestamp="2023-02-12T22:08:21 IST">
  <testcase classname="vanishreelearning.tests.SubmitOrderTest" name="submitOrder" time="6.802"/>
  <testcase classname="vanishreelearning.tests.SubmitOrderTest" name="submitOrder" time="6.441"/>
  <testcase classname="vanishreelearning.tests.SubmitOrderTest" name="verifyOrder" time="1.525"/>
  <testcase classname="vanishreelearning.tests.SubmitOrderTest" name="verifyOrder" time="1.423"/>
</testsuite> <!-- Submit order Test -->
