<?xml version="1.0" encoding="UTF-8"?>
<!-- Generated by org.testng.reporters.JUnitXMLReporter -->
<testsuite ignored="0" hostname="LAPTOP-QLHJTPU4" failures="0" tests="2" name="Error Validation Test" time="32.869" errors="0" timestamp="2023-02-13T19:54:04 IST">
  <testcase classname="vanishreelearning.tests.ErrorValidationTest" name="LoginErrorValidation" time="1.291"/>
  <testcase classname="vanishreelearning.tests.ErrorValidationTest" name="ProductErrorValidation" time="13.968"/>
</testsuite> <!-- Error Validation Test -->
