<?xml version="1.0" encoding="UTF-8"?>
<!-- Generated by org.testng.reporters.JUnitXMLReporter -->
<testsuite ignored="0" hostname="LAPTOP-QLHJTPU4" failures="0" tests="4" name="Submit order Test" time="57.1" errors="0" timestamp="2023-02-13T19:54:27 IST">
  <testcase classname="vanishreelearning.tests.SubmitOrderTest" name="submitOrder" time="15.289"/>
  <testcase classname="vanishreelearning.tests.SubmitOrderTest" name="submitOrder" time="15.239"/>
  <testcase classname="vanishreelearning.tests.SubmitOrderTest" name="verifyOrder" time="0.839"/>
  <testcase classname="vanishreelearning.tests.SubmitOrderTest" name="verifyOrder" time="0.875"/>
</testsuite> <!-- Submit order Test -->
