<?xml version="1.0" encoding="UTF-8"?>
<testng-results ignored="0" total="6" passed="6" failed="0" skipped="0">
  <reporter-output>
  </reporter-output>
  <suite started-at="2023-02-13T19:53:30 IST" name="Suite" finished-at="2023-02-13T19:54:27 IST" duration-ms="57100">
    <groups>
      <group name="purchase">
        <method signature="SubmitOrderTest.submitOrder(java.util.HashMap)[pri:0, instance:vanishreelearning.tests.SubmitOrderTest@673be18f]" name="submitOrder" class="vanishreelearning.tests.SubmitOrderTest"/>
        <method signature="SubmitOrderTest.verifyOrder(java.util.HashMap)[pri:0, instance:vanishreelearning.tests.SubmitOrderTest@673be18f]" name="verifyOrder" class="vanishreelearning.tests.SubmitOrderTest"/>
      </group> <!-- purchase -->
      <group name="Error">
        <method signature="ErrorValidationTest.LoginErrorValidation()[pri:0, instance:vanishreelearning.tests.ErrorValidationTest@5e4bd84a]" name="LoginErrorValidation" class="vanishreelearning.tests.ErrorValidationTest"/>
      </group> <!-- Error -->
    </groups>
    <test started-at="2023-02-13T19:53:30 IST" name="Error Validation Test" finished-at="2023-02-13T19:54:03 IST" duration-ms="32869">
      <class name="vanishreelearning.tests.ErrorValidationTest">
        <test-method is-config="true" signature="launchApplication()[pri:0, instance:vanishreelearning.tests.ErrorValidationTest@5e4bd84a]" started-at="2023-02-13T19:53:30 IST" name="launchApplication" finished-at="2023-02-13T19:53:44 IST" duration-ms="13413" status="PASS">
          <reporter-output>
          </reporter-output>
        </test-method> <!-- launchApplication -->
        <test-method signature="LoginErrorValidation()[pri:0, instance:vanishreelearning.tests.ErrorValidationTest@5e4bd84a]" started-at="2023-02-13T19:53:44 IST" name="LoginErrorValidation" finished-at="2023-02-13T19:53:45 IST" duration-ms="1291" status="PASS">
          <reporter-output>
          </reporter-output>
        </test-method> <!-- LoginErrorValidation -->
        <test-method is-config="true" signature="tearDown()[pri:0, instance:vanishreelearning.tests.ErrorValidationTest@5e4bd84a]" started-at="2023-02-13T19:53:45 IST" name="tearDown" finished-at="2023-02-13T19:53:45 IST" duration-ms="53" status="PASS">
          <reporter-output>
          </reporter-output>
        </test-method> <!-- tearDown -->
        <test-method is-config="true" signature="launchApplication()[pri:0, instance:vanishreelearning.tests.ErrorValidationTest@5e4bd84a]" started-at="2023-02-13T19:53:45 IST" name="launchApplication" finished-at="2023-02-13T19:53:49 IST" duration-ms="3938" status="PASS">
          <reporter-output>
          </reporter-output>
        </test-method> <!-- launchApplication -->
        <test-method signature="ProductErrorValidation()[pri:0, instance:vanishreelearning.tests.ErrorValidationTest@5e4bd84a]" started-at="2023-02-13T19:53:49 IST" name="ProductErrorValidation" finished-at="2023-02-13T19:54:03 IST" duration-ms="13968" status="PASS">
          <reporter-output>
          </reporter-output>
        </test-method> <!-- ProductErrorValidation -->
        <test-method is-config="true" signature="tearDown()[pri:0, instance:vanishreelearning.tests.ErrorValidationTest@5e4bd84a]" started-at="2023-02-13T19:54:03 IST" name="tearDown" finished-at="2023-02-13T19:54:03 IST" duration-ms="33" status="PASS">
          <reporter-output>
          </reporter-output>
        </test-method> <!-- tearDown -->
      </class> <!-- vanishreelearning.tests.ErrorValidationTest -->
    </test> <!-- Error Validation Test -->
    <test started-at="2023-02-13T19:53:30 IST" name="Submit order Test" finished-at="2023-02-13T19:54:27 IST" duration-ms="57100">
      <class name="vanishreelearning.tests.SubmitOrderTest">
        <test-method is-config="true" signature="launchApplication()[pri:0, instance:vanishreelearning.tests.SubmitOrderTest@673be18f]" started-at="2023-02-13T19:53:31 IST" name="launchApplication" finished-at="2023-02-13T19:53:44 IST" duration-ms="12960" status="PASS">
          <reporter-output>
          </reporter-output>
        </test-method> <!-- launchApplication -->
        <test-method signature="submitOrder(java.util.HashMap)[pri:0, instance:vanishreelearning.tests.SubmitOrderTest@673be18f]" started-at="2023-02-13T19:53:44 IST" name="submitOrder" data-provider="getData" finished-at="2023-02-13T19:53:59 IST" duration-ms="15289" status="PASS">
          <params>
            <param index="0">
              <value>
                <![CDATA[{password=Testframe@1, prodname=ZARA COAT 3, email=vanitest@gmail.com}]]>
              </value>
            </param>
          </params>
          <reporter-output>
          </reporter-output>
        </test-method> <!-- submitOrder -->
        <test-method is-config="true" signature="tearDown()[pri:0, instance:vanishreelearning.tests.SubmitOrderTest@673be18f]" started-at="2023-02-13T19:53:59 IST" name="tearDown" finished-at="2023-02-13T19:53:59 IST" duration-ms="30" status="PASS">
          <reporter-output>
          </reporter-output>
        </test-method> <!-- tearDown -->
        <test-method is-config="true" signature="launchApplication()[pri:0, instance:vanishreelearning.tests.SubmitOrderTest@673be18f]" started-at="2023-02-13T19:53:59 IST" name="launchApplication" finished-at="2023-02-13T19:54:03 IST" duration-ms="3685" status="PASS">
          <reporter-output>
          </reporter-output>
        </test-method> <!-- launchApplication -->
        <test-method signature="submitOrder(java.util.HashMap)[pri:0, instance:vanishreelearning.tests.SubmitOrderTest@673be18f]" started-at="2023-02-13T19:54:03 IST" name="submitOrder" data-provider="getData" finished-at="2023-02-13T19:54:18 IST" duration-ms="15239" status="PASS">
          <params>
            <param index="0">
              <value>
                <![CDATA[{password=Demo@123, prodname=ADIDAS ORIGINAL, email=aastika@gmail.com}]]>
              </value>
            </param>
          </params>
          <reporter-output>
          </reporter-output>
        </test-method> <!-- submitOrder -->
        <test-method is-config="true" signature="tearDown()[pri:0, instance:vanishreelearning.tests.SubmitOrderTest@673be18f]" started-at="2023-02-13T19:54:18 IST" name="tearDown" finished-at="2023-02-13T19:54:18 IST" duration-ms="35" status="PASS">
          <reporter-output>
          </reporter-output>
        </test-method> <!-- tearDown -->
        <test-method is-config="true" signature="launchApplication()[pri:0, instance:vanishreelearning.tests.SubmitOrderTest@673be18f]" started-at="2023-02-13T19:54:18 IST" name="launchApplication" finished-at="2023-02-13T19:54:22 IST" duration-ms="3665" status="PASS">
          <reporter-output>
          </reporter-output>
        </test-method> <!-- launchApplication -->
        <test-method signature="verifyOrder(java.util.HashMap)[pri:0, instance:vanishreelearning.tests.SubmitOrderTest@673be18f]" started-at="2023-02-13T19:54:22 IST" name="verifyOrder" data-provider="getData" finished-at="2023-02-13T19:54:23 IST" depends-on-methods="vanishreelearning.tests.SubmitOrderTest.submitOrder" duration-ms="839" status="PASS">
          <params>
            <param index="0">
              <value>
                <![CDATA[{password=Testframe@1, prodname=ZARA COAT 3, email=vanitest@gmail.com}]]>
              </value>
            </param>
          </params>
          <reporter-output>
          </reporter-output>
        </test-method> <!-- verifyOrder -->
        <test-method is-config="true" signature="tearDown()[pri:0, instance:vanishreelearning.tests.SubmitOrderTest@673be18f]" started-at="2023-02-13T19:54:23 IST" name="tearDown" finished-at="2023-02-13T19:54:23 IST" duration-ms="34" status="PASS">
          <reporter-output>
          </reporter-output>
        </test-method> <!-- tearDown -->
        <test-method is-config="true" signature="launchApplication()[pri:0, instance:vanishreelearning.tests.SubmitOrderTest@673be18f]" started-at="2023-02-13T19:54:23 IST" name="launchApplication" finished-at="2023-02-13T19:54:26 IST" duration-ms="3703" status="PASS">
          <reporter-output>
          </reporter-output>
        </test-method> <!-- launchApplication -->
        <test-method signature="verifyOrder(java.util.HashMap)[pri:0, instance:vanishreelearning.tests.SubmitOrderTest@673be18f]" started-at="2023-02-13T19:54:26 IST" name="verifyOrder" data-provider="getData" finished-at="2023-02-13T19:54:27 IST" depends-on-methods="vanishreelearning.tests.SubmitOrderTest.submitOrder" duration-ms="875" status="PASS">
          <params>
            <param index="0">
              <value>
                <![CDATA[{password=Demo@123, prodname=ADIDAS ORIGINAL, email=aastika@gmail.com}]]>
              </value>
            </param>
          </params>
          <reporter-output>
          </reporter-output>
        </test-method> <!-- verifyOrder -->
        <test-method is-config="true" signature="tearDown()[pri:0, instance:vanishreelearning.tests.SubmitOrderTest@673be18f]" started-at="2023-02-13T19:54:27 IST" name="tearDown" finished-at="2023-02-13T19:54:27 IST" duration-ms="31" status="PASS">
          <reporter-output>
          </reporter-output>
        </test-method> <!-- tearDown -->
      </class> <!-- vanishreelearning.tests.SubmitOrderTest -->
    </test> <!-- Submit order Test -->
  </suite> <!-- Suite -->
</testng-results>
