<?xml version="1.0" encoding="UTF-8"?>
<testng-results ignored="0" total="6" passed="6" failed="0" skipped="0">
  <reporter-output>
  </reporter-output>
  <suite started-at="2023-02-12T22:07:30 IST" name="Suite" finished-at="2023-02-12T22:08:21 IST" duration-ms="51316">
    <groups>
      <group name="purchase">
        <method signature="SubmitOrderTest.submitOrder(java.util.HashMap)[pri:0, instance:vanishreelearning.tests.SubmitOrderTest@2ef14fe]" name="submitOrder" class="vanishreelearning.tests.SubmitOrderTest"/>
        <method signature="SubmitOrderTest.verifyOrder(java.util.HashMap)[pri:0, instance:vanishreelearning.tests.SubmitOrderTest@2ef14fe]" name="verifyOrder" class="vanishreelearning.tests.SubmitOrderTest"/>
      </group> <!-- purchase -->
      <group name="Error">
        <method signature="ErrorValidationTest.LoginErrorValidation()[pri:0, instance:vanishreelearning.tests.ErrorValidationTest@16fdec90]" name="LoginErrorValidation" class="vanishreelearning.tests.ErrorValidationTest"/>
      </group> <!-- Error -->
    </groups>
    <test started-at="2023-02-12T22:07:30 IST" name="Error Validation Test" finished-at="2023-02-12T22:08:17 IST" duration-ms="46789">
      <class name="vanishreelearning.tests.ErrorValidationTest">
        <test-method is-config="true" signature="launchApplication()[pri:0, instance:vanishreelearning.tests.ErrorValidationTest@16fdec90]" started-at="2023-02-12T22:07:30 IST" name="launchApplication" finished-at="2023-02-12T22:07:41 IST" duration-ms="11234" status="PASS">
          <reporter-output>
          </reporter-output>
        </test-method> <!-- launchApplication -->
        <test-method signature="LoginErrorValidation()[pri:0, instance:vanishreelearning.tests.ErrorValidationTest@16fdec90]" started-at="2023-02-12T22:07:41 IST" name="LoginErrorValidation" finished-at="2023-02-12T22:07:43 IST" duration-ms="1476" status="PASS">
          <reporter-output>
          </reporter-output>
        </test-method> <!-- LoginErrorValidation -->
        <test-method is-config="true" signature="tearDown()[pri:0, instance:vanishreelearning.tests.ErrorValidationTest@16fdec90]" started-at="2023-02-12T22:07:43 IST" name="tearDown" finished-at="2023-02-12T22:07:43 IST" duration-ms="553" status="PASS">
          <reporter-output>
          </reporter-output>
        </test-method> <!-- tearDown -->
        <test-method is-config="true" signature="launchApplication()[pri:0, instance:vanishreelearning.tests.ErrorValidationTest@16fdec90]" started-at="2023-02-12T22:07:43 IST" name="launchApplication" finished-at="2023-02-12T22:07:50 IST" duration-ms="7258" status="PASS">
          <reporter-output>
          </reporter-output>
        </test-method> <!-- launchApplication -->
        <test-method signature="ProductErrorValidation()[pri:0, instance:vanishreelearning.tests.ErrorValidationTest@16fdec90]" started-at="2023-02-12T22:07:50 IST" name="ProductErrorValidation" finished-at="2023-02-12T22:08:16 IST" duration-ms="25866" status="PASS">
          <reporter-output>
          </reporter-output>
        </test-method> <!-- ProductErrorValidation -->
        <test-method is-config="true" signature="tearDown()[pri:0, instance:vanishreelearning.tests.ErrorValidationTest@16fdec90]" started-at="2023-02-12T22:08:16 IST" name="tearDown" finished-at="2023-02-12T22:08:17 IST" duration-ms="207" status="PASS">
          <reporter-output>
          </reporter-output>
        </test-method> <!-- tearDown -->
      </class> <!-- vanishreelearning.tests.ErrorValidationTest -->
    </test> <!-- Error Validation Test -->
    <test started-at="2023-02-12T22:07:30 IST" name="Submit order Test" finished-at="2023-02-12T22:08:21 IST" duration-ms="51316">
      <class name="vanishreelearning.tests.SubmitOrderTest">
        <test-method is-config="true" signature="launchApplication()[pri:0, instance:vanishreelearning.tests.SubmitOrderTest@2ef14fe]" started-at="2023-02-12T22:07:31 IST" name="launchApplication" finished-at="2023-02-12T22:07:41 IST" duration-ms="10280" status="PASS">
          <reporter-output>
          </reporter-output>
        </test-method> <!-- launchApplication -->
        <test-method signature="submitOrder(java.util.HashMap)[pri:0, instance:vanishreelearning.tests.SubmitOrderTest@2ef14fe]" started-at="2023-02-12T22:07:41 IST" name="submitOrder" data-provider="getData" finished-at="2023-02-12T22:07:48 IST" duration-ms="6802" status="PASS">
          <params>
            <param index="0">
              <value>
                <![CDATA[{password=Testframe@1, prodname=ZARA COAT 3, email=vanitest@gmail.com}]]>
              </value>
            </param>
          </params>
          <reporter-output>
          </reporter-output>
        </test-method> <!-- submitOrder -->
        <test-method is-config="true" signature="tearDown()[pri:0, instance:vanishreelearning.tests.SubmitOrderTest@2ef14fe]" started-at="2023-02-12T22:07:48 IST" name="tearDown" finished-at="2023-02-12T22:07:48 IST" duration-ms="277" status="PASS">
          <reporter-output>
          </reporter-output>
        </test-method> <!-- tearDown -->
        <test-method is-config="true" signature="launchApplication()[pri:0, instance:vanishreelearning.tests.SubmitOrderTest@2ef14fe]" started-at="2023-02-12T22:07:48 IST" name="launchApplication" finished-at="2023-02-12T22:07:58 IST" duration-ms="9647" status="PASS">
          <reporter-output>
          </reporter-output>
        </test-method> <!-- launchApplication -->
        <test-method signature="submitOrder(java.util.HashMap)[pri:0, instance:vanishreelearning.tests.SubmitOrderTest@2ef14fe]" started-at="2023-02-12T22:07:58 IST" name="submitOrder" data-provider="getData" finished-at="2023-02-12T22:08:04 IST" duration-ms="6441" status="PASS">
          <params>
            <param index="0">
              <value>
                <![CDATA[{password=Demo@123, prodname=ADIDAS ORIGINAL, email=aastika@gmail.com}]]>
              </value>
            </param>
          </params>
          <reporter-output>
          </reporter-output>
        </test-method> <!-- submitOrder -->
        <test-method is-config="true" signature="tearDown()[pri:0, instance:vanishreelearning.tests.SubmitOrderTest@2ef14fe]" started-at="2023-02-12T22:08:04 IST" name="tearDown" finished-at="2023-02-12T22:08:05 IST" duration-ms="270" status="PASS">
          <reporter-output>
          </reporter-output>
        </test-method> <!-- tearDown -->
        <test-method is-config="true" signature="launchApplication()[pri:0, instance:vanishreelearning.tests.SubmitOrderTest@2ef14fe]" started-at="2023-02-12T22:08:05 IST" name="launchApplication" finished-at="2023-02-12T22:08:12 IST" duration-ms="7377" status="PASS">
          <reporter-output>
          </reporter-output>
        </test-method> <!-- launchApplication -->
        <test-method signature="verifyOrder(java.util.HashMap)[pri:0, instance:vanishreelearning.tests.SubmitOrderTest@2ef14fe]" started-at="2023-02-12T22:08:12 IST" name="verifyOrder" data-provider="getData" finished-at="2023-02-12T22:08:13 IST" depends-on-methods="vanishreelearning.tests.SubmitOrderTest.submitOrder" duration-ms="1525" status="PASS">
          <params>
            <param index="0">
              <value>
                <![CDATA[{password=Testframe@1, prodname=ZARA COAT 3, email=vanitest@gmail.com}]]>
              </value>
            </param>
          </params>
          <reporter-output>
          </reporter-output>
        </test-method> <!-- verifyOrder -->
        <test-method is-config="true" signature="tearDown()[pri:0, instance:vanishreelearning.tests.SubmitOrderTest@2ef14fe]" started-at="2023-02-12T22:08:14 IST" name="tearDown" finished-at="2023-02-12T22:08:14 IST" duration-ms="293" status="PASS">
          <reporter-output>
          </reporter-output>
        </test-method> <!-- tearDown -->
        <test-method is-config="true" signature="launchApplication()[pri:0, instance:vanishreelearning.tests.SubmitOrderTest@2ef14fe]" started-at="2023-02-12T22:08:14 IST" name="launchApplication" finished-at="2023-02-12T22:08:19 IST" duration-ms="5592" status="PASS">
          <reporter-output>
          </reporter-output>
        </test-method> <!-- launchApplication -->
        <test-method signature="verifyOrder(java.util.HashMap)[pri:0, instance:vanishreelearning.tests.SubmitOrderTest@2ef14fe]" started-at="2023-02-12T22:08:19 IST" name="verifyOrder" data-provider="getData" finished-at="2023-02-12T22:08:21 IST" depends-on-methods="vanishreelearning.tests.SubmitOrderTest.submitOrder" duration-ms="1423" status="PASS">
          <params>
            <param index="0">
              <value>
                <![CDATA[{password=Demo@123, prodname=ADIDAS ORIGINAL, email=aastika@gmail.com}]]>
              </value>
            </param>
          </params>
          <reporter-output>
          </reporter-output>
        </test-method> <!-- verifyOrder -->
        <test-method is-config="true" signature="tearDown()[pri:0, instance:vanishreelearning.tests.SubmitOrderTest@2ef14fe]" started-at="2023-02-12T22:08:21 IST" name="tearDown" finished-at="2023-02-12T22:08:21 IST" duration-ms="231" status="PASS">
          <reporter-output>
          </reporter-output>
        </test-method> <!-- tearDown -->
      </class> <!-- vanishreelearning.tests.SubmitOrderTest -->
    </test> <!-- Submit order Test -->
  </suite> <!-- Suite -->
</testng-results>
