<?xml version="1.0" encoding="UTF-8"?>
<!-- Generated by org.testng.reporters.JUnitXMLReporter -->
<testsuite ignored="2" hostname="LAPTOP-QLHJTPU4" failures="0" tests="0" time="0.033" errors="0" timestamp="2023-02-11T16:52:44 IST">
  <testcase classname="vanishreelearning.tests.ErrorValidationTest" name="ProductErrorValidation" time="0.0">
    <ignored/>
  </testcase> <!-- ProductErrorValidation -->
  <testcase classname="vanishreelearning.tests.ErrorValidationTest" name="LoginErrorValidation" time="0.0">
    <ignored/>
  </testcase> <!-- LoginErrorValidation -->
</testsuite>
