<?xml version="1.0" encoding="UTF-8"?>
<!-- Generated by org.testng.reporters.JUnitXMLReporter -->
<testsuite ignored="0" hostname="LAPTOP-QLHJTPU4" failures="0" tests="4" name="Submit order Test" time="64.791" errors="0" timestamp="2023-02-11T16:53:48 IST">
  <testcase classname="vanishreelearning.tests.SubmitOrderTest" name="submitOrder" time="15.746"/>
  <testcase classname="vanishreelearning.tests.SubmitOrderTest" name="submitOrder" time="16.242"/>
  <testcase classname="vanishreelearning.tests.SubmitOrderTest" name="verifyOrder" time="1.212"/>
  <testcase classname="vanishreelearning.tests.SubmitOrderTest" name="verifyOrder" time="1.276"/>
</testsuite> <!-- Submit order Test -->
